<?xml version="1.0" encoding="UTF-8"?>
<!-- Generated by org.testng.reporters.JUnitReportReporter -->
<testsuite skipped="0" hostname="TestingPC" name="TestCases.CheckallLinksTC" tests="1" failures="0" timestamp="17 Oct 2019 14:55:27 GMT" time="23.699" errors="0">
  <testcase name="testBrokenLinks" time="23.699" classname="TestCases.CheckallLinksTC"/>
</testsuite> <!-- TestCases.CheckallLinksTC -->
