<?xml version="1.0" encoding="UTF-8"?>
<!-- Generated by org.testng.reporters.JUnitReportReporter -->
<testsuite skipped="0" hostname="TestingPC" name="TestCases.IteminquiryTC" tests="1" failures="0" timestamp="29 Oct 2019 10:48:31 GMT" time="23.329" errors="0">
  <testcase name="searconitemandprint" time="23.329" classname="TestCases.IteminquiryTC"/>
</testsuite> <!-- TestCases.IteminquiryTC -->
