<?xml version="1.0" encoding="UTF-8"?>
<!-- Generated by org.testng.reporters.JUnitReportReporter -->
<testsuite skipped="0" hostname="TestingPC" name="TestCases.TestalllinksinPsge" tests="1" failures="0" timestamp="14 Oct 2019 09:54:00 GMT" time="14.353" errors="0">
  <testcase name="testBrokenLinks" time="14.353" classname="TestCases.TestalllinksinPsge"/>
</testsuite> <!-- TestCases.TestalllinksinPsge -->
