<?xml version="1.0" encoding="UTF-8"?>
<!-- Generated by org.testng.reporters.JUnitReportReporter -->
<testsuite skipped="0" hostname="TestingPC" name="TestCases.AddsubuserTC" tests="3" failures="0" timestamp="03 Nov 2019 14:36:04 GMT" time="115.642" errors="0">
  <testcase name="addsubuser" time="48.826" classname="TestCases.AddsubuserTC"/>
  <testcase name="addsubuser" time="33.424" classname="TestCases.AddsubuserTC"/>
  <testcase name="addsubuser" time="33.392" classname="TestCases.AddsubuserTC"/>
</testsuite> <!-- TestCases.AddsubuserTC -->
