<?xml version="1.0" encoding="UTF-8"?>
<!-- Generated by org.testng.reporters.JUnitReportReporter -->
<testsuite skipped="0" hostname="TestingPC" name="TestCases.CheckallLinks" tests="1" failures="0" timestamp="15 Oct 2019 14:35:48 GMT" time="0.539" errors="0">
  <testcase name="testBrokenLinks" time="0.539" classname="TestCases.CheckallLinks"/>
</testsuite> <!-- TestCases.CheckallLinks -->
