<?xml version="1.0" encoding="UTF-8"?>
<!-- Generated by org.testng.reporters.JUnitReportReporter -->
<testsuite skipped="0" hostname="TestingPC" name="TestCases.PrintItemploisaTC" tests="1" failures="0" timestamp="17 Oct 2019 12:31:07 GMT" time="50.580" errors="0">
  <testcase name="Printpolisa" time="50.580" classname="TestCases.PrintItemploisaTC"/>
</testsuite> <!-- TestCases.PrintItemploisaTC -->
