<?xml version="1.0" encoding="UTF-8"?>
<!-- Generated by org.testng.reporters.JUnitReportReporter -->
<testsuite skipped="0" hostname="TestingPC" name="TestCases.Checkisbranschsubuser" tests="1" failures="0" timestamp="20 Oct 2019 10:32:47 GMT" time="46.664" errors="0">
  <testcase name="addsubuser" time="46.664" classname="TestCases.Checkisbranschsubuser"/>
</testsuite> <!-- TestCases.Checkisbranschsubuser -->
