<?xml version="1.0" encoding="UTF-8"?>
<!-- Generated by org.testng.reporters.JUnitReportReporter -->
<testsuite skipped="0" hostname="TestingPC" name="TestCases.RegisterItemTC" tests="1" failures="0" timestamp="21 Oct 2019 13:44:45 GMT" time="596.932" errors="0">
  <testcase name="Registeritem" time="596.932" classname="TestCases.RegisterItemTC"/>
</testsuite> <!-- TestCases.RegisterItemTC -->
